<?xml version="1.0" encoding="UTF-8"?>
<robot generator="Robot 3.2.2 (Python 3.9.1 on win32)" generated="20210123 15:05:27.894" rpa="false">
<suite id="s1" name="Frontend1" source="C:\Users\Gabriel\Documents\automacao\pixeon\teste1\frontend1.robot">
<test id="s1-t1" name="Caso de teste 01 - Hello">
<kw name="Abrir navegador" library="Resource" type="setup">
<kw name="Open Browser" library="SeleniumLibrary">
<doc>Opens a new browser instance to the optional ``url``.</doc>
<arguments>
<arg>${URL}</arg>
<arg>${BROWSER}</arg>
</arguments>
<msg timestamp="20210123 15:05:28.102" level="INFO">Opening browser 'chrome' to base url 'https://the-internet.herokuapp.com/dynamic_loading/1'.</msg>
<status status="PASS" starttime="20210123 15:05:28.102" endtime="20210123 15:05:32.058"></status>
</kw>
<kw name="Maximize Browser Window" library="SeleniumLibrary">
<doc>Maximizes current browser window.</doc>
<status status="PASS" starttime="20210123 15:05:32.059" endtime="20210123 15:05:32.179"></status>
</kw>
<status status="PASS" starttime="20210123 15:05:28.102" endtime="20210123 15:05:32.179"></status>
</kw>
<kw name="Dado que estou no site" library="Resource">
<kw name="Title Should Be" library="SeleniumLibrary">
<doc>Verifies that the current page title equals ``title``.</doc>
<arguments>
<arg>The Internet</arg>
</arguments>
<msg timestamp="20210123 15:05:32.187" level="INFO">Page title is 'The Internet'.</msg>
<status status="PASS" starttime="20210123 15:05:32.181" endtime="20210123 15:05:32.187"></status>
</kw>
<status status="PASS" starttime="20210123 15:05:32.180" endtime="20210123 15:05:32.187"></status>
</kw>
<kw name="Quando eu clicar em Start" library="Resource">
<kw name="Click Element" library="SeleniumLibrary">
<doc>Click the element identified by ``locator``.</doc>
<arguments>
<arg>xpath=//button[contains(text(),"Start")]</arg>
</arguments>
<msg timestamp="20210123 15:05:32.189" level="INFO">Clicking element 'xpath=//button[contains(text(),"Start")]'.</msg>
<status status="PASS" starttime="20210123 15:05:32.188" endtime="20210123 15:05:32.240"></status>
</kw>
<status status="PASS" starttime="20210123 15:05:32.188" endtime="20210123 15:05:32.240"></status>
</kw>
<kw name="Então aparece a mensagem Hello World" library="Resource">
<kw name="Wait Until Page Contains Element" library="SeleniumLibrary">
<doc>Waits until the element ``locator`` appears on the current page.</doc>
<arguments>
<arg>xpath=//div[@id="finish"]/h4</arg>
</arguments>
<status status="PASS" starttime="20210123 15:05:32.242" endtime="20210123 15:05:32.254"></status>
</kw>
<status status="PASS" starttime="20210123 15:05:32.242" endtime="20210123 15:05:32.254"></status>
</kw>
<kw name="Fechar navegador" library="Resource" type="teardown">
<kw name="Close Browser" library="SeleniumLibrary">
<doc>Closes the current browser.</doc>
<status status="PASS" starttime="20210123 15:05:32.255" endtime="20210123 15:05:34.356"></status>
</kw>
<status status="PASS" starttime="20210123 15:05:32.255" endtime="20210123 15:05:34.356"></status>
</kw>
<status status="PASS" starttime="20210123 15:05:28.101" endtime="20210123 15:05:34.356" critical="yes"></status>
</test>
<status status="PASS" starttime="20210123 15:05:27.894" endtime="20210123 15:05:34.369"></status>
</suite>
<statistics>
<total>
<stat pass="1" fail="0">Critical Tests</stat>
<stat pass="1" fail="0">All Tests</stat>
</total>
<tag>
</tag>
<suite>
<stat pass="1" fail="0" id="s1" name="Frontend1">Frontend1</stat>
</suite>
</statistics>
<errors>
</errors>
</robot>
