<?xml version="1.0" encoding="UTF-8"?>
<robot generator="Robot 3.2.2 (Python 3.9.1 on win32)" generated="20210123 15:49:00.278" rpa="false">
<suite id="s1" name="Frontend2" source="C:\Users\Gabriel\Documents\automacao\pixeon\teste2\frontend2.robot">
<test id="s1-t1" name="Caso de teste 01 - Login certo">
<kw name="Abrir navegador" library="Resource" type="setup">
<kw name="Open Browser" library="SeleniumLibrary">
<doc>Opens a new browser instance to the optional ``url``.</doc>
<arguments>
<arg>${URL}</arg>
<arg>${BROWSER}</arg>
</arguments>
<msg timestamp="20210123 15:49:00.468" level="INFO">Opening browser 'chrome' to base url 'https://the-internet.herokuapp.com/login'.</msg>
<status status="PASS" starttime="20210123 15:49:00.468" endtime="20210123 15:49:04.555"></status>
</kw>
<kw name="Maximize Browser Window" library="SeleniumLibrary">
<doc>Maximizes current browser window.</doc>
<status status="PASS" starttime="20210123 15:49:04.555" endtime="20210123 15:49:04.676"></status>
</kw>
<status status="PASS" starttime="20210123 15:49:00.467" endtime="20210123 15:49:04.676"></status>
</kw>
<kw name="Dado que estou no sistema" library="Resource">
<kw name="Title Should Be" library="SeleniumLibrary">
<doc>Verifies that the current page title equals ``title``.</doc>
<arguments>
<arg>The Internet</arg>
</arguments>
<msg timestamp="20210123 15:49:04.684" level="INFO">Page title is 'The Internet'.</msg>
<status status="PASS" starttime="20210123 15:49:04.678" endtime="20210123 15:49:04.684"></status>
</kw>
<status status="PASS" starttime="20210123 15:49:04.678" endtime="20210123 15:49:04.684"></status>
</kw>
<kw name="Quando eu informo os dados certos" library="Resource">
<kw name="Wait Until Element Is Visible" library="SeleniumLibrary">
<doc>Waits until the element ``locator`` is visible.</doc>
<arguments>
<arg>xpath=//*[@id="content"]/div/h2</arg>
</arguments>
<status status="PASS" starttime="20210123 15:49:04.685" endtime="20210123 15:49:04.714"></status>
</kw>
<kw name="Input Text" library="SeleniumLibrary">
<doc>Types the given ``text`` into the text field identified by ``locator``.</doc>
<arguments>
<arg>xpath=//*[@id="username"]</arg>
<arg>tomsmith</arg>
</arguments>
<msg timestamp="20210123 15:49:04.714" level="INFO">Typing text 'tomsmith' into text field 'xpath=//*[@id="username"]'.</msg>
<status status="PASS" starttime="20210123 15:49:04.714" endtime="20210123 15:49:04.804"></status>
</kw>
<kw name="Input Password" library="SeleniumLibrary">
<doc>Types the given password into the text field identified by ``locator``.</doc>
<arguments>
<arg>xpath=//*[@id="password"]</arg>
<arg>SuperSecretPassword!</arg>
</arguments>
<msg timestamp="20210123 15:49:04.805" level="INFO">Typing password into text field 'xpath=//*[@id="password"]'.</msg>
<msg timestamp="20210123 15:49:04.850" level="INFO">Temporally setting log level to: NONE</msg>
<msg timestamp="20210123 15:49:04.905" level="INFO">Log level changed from NONE to INFO.</msg>
<status status="PASS" starttime="20210123 15:49:04.805" endtime="20210123 15:49:04.906"></status>
</kw>
<kw name="Sleep" library="BuiltIn">
<doc>Pauses the test executed for the given time.</doc>
<arguments>
<arg>1</arg>
</arguments>
<msg timestamp="20210123 15:49:05.916" level="INFO">Slept 1 second</msg>
<status status="PASS" starttime="20210123 15:49:04.906" endtime="20210123 15:49:05.916"></status>
</kw>
<kw name="Click Element" library="SeleniumLibrary">
<doc>Click the element identified by ``locator``.</doc>
<arguments>
<arg>xpath=//*[@id="login"]/button</arg>
</arguments>
<msg timestamp="20210123 15:49:05.916" level="INFO">Clicking element 'xpath=//*[@id="login"]/button'.</msg>
<status status="PASS" starttime="20210123 15:49:05.916" endtime="20210123 15:49:06.394"></status>
</kw>
<status status="PASS" starttime="20210123 15:49:04.684" endtime="20210123 15:49:06.395"></status>
</kw>
<kw name="Então entra no sistema" library="Resource">
<kw name="Sleep" library="BuiltIn">
<doc>Pauses the test executed for the given time.</doc>
<arguments>
<arg>2</arg>
</arguments>
<msg timestamp="20210123 15:49:08.400" level="INFO">Slept 2 seconds</msg>
<status status="PASS" starttime="20210123 15:49:06.396" endtime="20210123 15:49:08.400"></status>
</kw>
<kw name="Wait Until Page Contains Element" library="SeleniumLibrary">
<doc>Waits until the element ``locator`` appears on the current page.</doc>
<arguments>
<arg>xpath=//div/h2[contains(text(),"Secure Area")]</arg>
</arguments>
<status status="PASS" starttime="20210123 15:49:08.400" endtime="20210123 15:49:08.415"></status>
</kw>
<status status="PASS" starttime="20210123 15:49:06.396" endtime="20210123 15:49:08.415"></status>
</kw>
<kw name="Fechar navegador" library="Resource" type="teardown">
<kw name="Close Browser" library="SeleniumLibrary">
<doc>Closes the current browser.</doc>
<status status="PASS" starttime="20210123 15:49:08.428" endtime="20210123 15:49:10.562"></status>
</kw>
<status status="PASS" starttime="20210123 15:49:08.428" endtime="20210123 15:49:10.562"></status>
</kw>
<status status="PASS" starttime="20210123 15:49:00.467" endtime="20210123 15:49:10.563" critical="yes"></status>
</test>
<test id="s1-t2" name="Caso de teste 02 - usuario errado">
<kw name="Abrir navegador" library="Resource" type="setup">
<kw name="Open Browser" library="SeleniumLibrary">
<doc>Opens a new browser instance to the optional ``url``.</doc>
<arguments>
<arg>${URL}</arg>
<arg>${BROWSER}</arg>
</arguments>
<msg timestamp="20210123 15:49:10.575" level="INFO">Opening browser 'chrome' to base url 'https://the-internet.herokuapp.com/login'.</msg>
<status status="PASS" starttime="20210123 15:49:10.573" endtime="20210123 15:49:14.590"></status>
</kw>
<kw name="Maximize Browser Window" library="SeleniumLibrary">
<doc>Maximizes current browser window.</doc>
<status status="PASS" starttime="20210123 15:49:14.590" endtime="20210123 15:49:14.707"></status>
</kw>
<status status="PASS" starttime="20210123 15:49:10.573" endtime="20210123 15:49:14.708"></status>
</kw>
<kw name="Dado que estou no sistema" library="Resource">
<kw name="Title Should Be" library="SeleniumLibrary">
<doc>Verifies that the current page title equals ``title``.</doc>
<arguments>
<arg>The Internet</arg>
</arguments>
<msg timestamp="20210123 15:49:14.715" level="INFO">Page title is 'The Internet'.</msg>
<status status="PASS" starttime="20210123 15:49:14.709" endtime="20210123 15:49:14.715"></status>
</kw>
<status status="PASS" starttime="20210123 15:49:14.708" endtime="20210123 15:49:14.715"></status>
</kw>
<kw name="Quando eu informo o usuario errado" library="Resource">
<kw name="Wait Until Element Is Visible" library="SeleniumLibrary">
<doc>Waits until the element ``locator`` is visible.</doc>
<arguments>
<arg>xpath=//*[@id="content"]/div/h2</arg>
</arguments>
<status status="PASS" starttime="20210123 15:49:14.716" endtime="20210123 15:49:14.735"></status>
</kw>
<kw name="Input Text" library="SeleniumLibrary">
<doc>Types the given ``text`` into the text field identified by ``locator``.</doc>
<arguments>
<arg>xpath=//*[@id="username"]</arg>
<arg>teste</arg>
</arguments>
<msg timestamp="20210123 15:49:14.735" level="INFO">Typing text 'teste' into text field 'xpath=//*[@id="username"]'.</msg>
<status status="PASS" starttime="20210123 15:49:14.735" endtime="20210123 15:49:14.827"></status>
</kw>
<kw name="Input Password" library="SeleniumLibrary">
<doc>Types the given password into the text field identified by ``locator``.</doc>
<arguments>
<arg>xpath=//*[@id="password"]</arg>
<arg>123456</arg>
</arguments>
<msg timestamp="20210123 15:49:14.828" level="INFO">Typing password into text field 'xpath=//*[@id="password"]'.</msg>
<msg timestamp="20210123 15:49:14.868" level="INFO">Temporally setting log level to: NONE</msg>
<msg timestamp="20210123 15:49:14.913" level="INFO">Log level changed from NONE to INFO.</msg>
<status status="PASS" starttime="20210123 15:49:14.827" endtime="20210123 15:49:14.913"></status>
</kw>
<kw name="Sleep" library="BuiltIn">
<doc>Pauses the test executed for the given time.</doc>
<arguments>
<arg>1</arg>
</arguments>
<msg timestamp="20210123 15:49:15.916" level="INFO">Slept 1 second</msg>
<status status="PASS" starttime="20210123 15:49:14.913" endtime="20210123 15:49:15.916"></status>
</kw>
<kw name="Click Element" library="SeleniumLibrary">
<doc>Click the element identified by ``locator``.</doc>
<arguments>
<arg>xpath=//*[@id="login"]/button</arg>
</arguments>
<msg timestamp="20210123 15:49:15.916" level="INFO">Clicking element 'xpath=//*[@id="login"]/button'.</msg>
<status status="PASS" starttime="20210123 15:49:15.916" endtime="20210123 15:49:16.367"></status>
</kw>
<status status="PASS" starttime="20210123 15:49:14.716" endtime="20210123 15:49:16.367"></status>
</kw>
<kw name="Então aparece a mensagem de usuário inválido" library="Resource">
<kw name="Sleep" library="BuiltIn">
<doc>Pauses the test executed for the given time.</doc>
<arguments>
<arg>2</arg>
</arguments>
<msg timestamp="20210123 15:49:18.375" level="INFO">Slept 2 seconds</msg>
<status status="PASS" starttime="20210123 15:49:16.368" endtime="20210123 15:49:18.375"></status>
</kw>
<kw name="Wait Until Page Contains Element" library="SeleniumLibrary">
<doc>Waits until the element ``locator`` appears on the current page.</doc>
<arguments>
<arg>xpath=//*[@id="flash"][contains(text(),"Your username is invalid!")]</arg>
</arguments>
<status status="PASS" starttime="20210123 15:49:18.376" endtime="20210123 15:49:18.395"></status>
</kw>
<status status="PASS" starttime="20210123 15:49:16.368" endtime="20210123 15:49:18.395"></status>
</kw>
<kw name="Fechar navegador" library="Resource" type="teardown">
<kw name="Close Browser" library="SeleniumLibrary">
<doc>Closes the current browser.</doc>
<status status="PASS" starttime="20210123 15:49:18.396" endtime="20210123 15:49:20.521"></status>
</kw>
<status status="PASS" starttime="20210123 15:49:18.395" endtime="20210123 15:49:20.521"></status>
</kw>
<status status="PASS" starttime="20210123 15:49:10.571" endtime="20210123 15:49:20.524" critical="yes"></status>
</test>
<test id="s1-t3" name="Caso de teste 03 - senha errado">
<kw name="Abrir navegador" library="Resource" type="setup">
<kw name="Open Browser" library="SeleniumLibrary">
<doc>Opens a new browser instance to the optional ``url``.</doc>
<arguments>
<arg>${URL}</arg>
<arg>${BROWSER}</arg>
</arguments>
<msg timestamp="20210123 15:49:20.536" level="INFO">Opening browser 'chrome' to base url 'https://the-internet.herokuapp.com/login'.</msg>
<status status="PASS" starttime="20210123 15:49:20.536" endtime="20210123 15:49:24.826"></status>
</kw>
<kw name="Maximize Browser Window" library="SeleniumLibrary">
<doc>Maximizes current browser window.</doc>
<status status="PASS" starttime="20210123 15:49:24.827" endtime="20210123 15:49:24.957"></status>
</kw>
<status status="PASS" starttime="20210123 15:49:20.535" endtime="20210123 15:49:24.957"></status>
</kw>
<kw name="Dado que estou no sistema" library="Resource">
<kw name="Title Should Be" library="SeleniumLibrary">
<doc>Verifies that the current page title equals ``title``.</doc>
<arguments>
<arg>The Internet</arg>
</arguments>
<msg timestamp="20210123 15:49:24.964" level="INFO">Page title is 'The Internet'.</msg>
<status status="PASS" starttime="20210123 15:49:24.958" endtime="20210123 15:49:24.964"></status>
</kw>
<status status="PASS" starttime="20210123 15:49:24.958" endtime="20210123 15:49:24.964"></status>
</kw>
<kw name="Quando eu informo a senha errada" library="Resource">
<kw name="Wait Until Element Is Visible" library="SeleniumLibrary">
<doc>Waits until the element ``locator`` is visible.</doc>
<arguments>
<arg>xpath=//*[@id="content"]/div/h2</arg>
</arguments>
<status status="PASS" starttime="20210123 15:49:24.965" endtime="20210123 15:49:24.992"></status>
</kw>
<kw name="Input Text" library="SeleniumLibrary">
<doc>Types the given ``text`` into the text field identified by ``locator``.</doc>
<arguments>
<arg>xpath=//*[@id="username"]</arg>
<arg>tomsmith</arg>
</arguments>
<msg timestamp="20210123 15:49:24.992" level="INFO">Typing text 'tomsmith' into text field 'xpath=//*[@id="username"]'.</msg>
<status status="PASS" starttime="20210123 15:49:24.992" endtime="20210123 15:49:25.079"></status>
</kw>
<kw name="Input Password" library="SeleniumLibrary">
<doc>Types the given password into the text field identified by ``locator``.</doc>
<arguments>
<arg>xpath=//*[@id="password"]</arg>
<arg>123456</arg>
</arguments>
<msg timestamp="20210123 15:49:25.079" level="INFO">Typing password into text field 'xpath=//*[@id="password"]'.</msg>
<msg timestamp="20210123 15:49:25.121" level="INFO">Temporally setting log level to: NONE</msg>
<msg timestamp="20210123 15:49:25.166" level="INFO">Log level changed from NONE to INFO.</msg>
<status status="PASS" starttime="20210123 15:49:25.079" endtime="20210123 15:49:25.166"></status>
</kw>
<kw name="Sleep" library="BuiltIn">
<doc>Pauses the test executed for the given time.</doc>
<arguments>
<arg>1</arg>
</arguments>
<msg timestamp="20210123 15:49:26.178" level="INFO">Slept 1 second</msg>
<status status="PASS" starttime="20210123 15:49:25.166" endtime="20210123 15:49:26.178"></status>
</kw>
<kw name="Click Element" library="SeleniumLibrary">
<doc>Click the element identified by ``locator``.</doc>
<arguments>
<arg>xpath=//*[@id="login"]/button</arg>
</arguments>
<msg timestamp="20210123 15:49:26.178" level="INFO">Clicking element 'xpath=//*[@id="login"]/button'.</msg>
<status status="PASS" starttime="20210123 15:49:26.178" endtime="20210123 15:49:26.653"></status>
</kw>
<status status="PASS" starttime="20210123 15:49:24.965" endtime="20210123 15:49:26.654"></status>
</kw>
<kw name="Então aparece a mensagem de senha inválida" library="Resource">
<kw name="Sleep" library="BuiltIn">
<doc>Pauses the test executed for the given time.</doc>
<arguments>
<arg>2</arg>
</arguments>
<msg timestamp="20210123 15:49:28.656" level="INFO">Slept 2 seconds</msg>
<status status="PASS" starttime="20210123 15:49:26.655" endtime="20210123 15:49:28.656"></status>
</kw>
<kw name="Wait Until Page Contains Element" library="SeleniumLibrary">
<doc>Waits until the element ``locator`` appears on the current page.</doc>
<arguments>
<arg>xpath=//*[@id="flash"][contains(text(),"Your password is invalid!")]</arg>
</arguments>
<status status="PASS" starttime="20210123 15:49:28.656" endtime="20210123 15:49:28.656"></status>
</kw>
<status status="PASS" starttime="20210123 15:49:26.655" endtime="20210123 15:49:28.656"></status>
</kw>
<kw name="Fechar navegador" library="Resource" type="teardown">
<kw name="Close Browser" library="SeleniumLibrary">
<doc>Closes the current browser.</doc>
<status status="PASS" starttime="20210123 15:49:28.669" endtime="20210123 15:49:30.787"></status>
</kw>
<status status="PASS" starttime="20210123 15:49:28.669" endtime="20210123 15:49:30.787"></status>
</kw>
<status status="PASS" starttime="20210123 15:49:20.534" endtime="20210123 15:49:30.790" critical="yes"></status>
</test>
<status status="PASS" starttime="20210123 15:49:00.278" endtime="20210123 15:49:30.799"></status>
</suite>
<statistics>
<total>
<stat pass="3" fail="0">Critical Tests</stat>
<stat pass="3" fail="0">All Tests</stat>
</total>
<tag>
</tag>
<suite>
<stat pass="3" fail="0" id="s1" name="Frontend2">Frontend2</stat>
</suite>
</statistics>
<errors>
</errors>
</robot>
